151
89
-38
39
105
-107
192
-114
255
82
-29
-251
-50
-295
136
8
1
151
-59
-121
-36
128
222
233
-225
-89
2
-262
-31
153
240
142
-94
-115
-263
-187
-286
67
147
-184
-120
7
-31
254
-212
-273
-174
204
-63
-284
25
31
241
-4
98
-83
289
-15
-256
-213
1
-167
-190
-233
226
-149
-119
-89
-16
-199
-215
98
294
81
-40
-70
64
127
195
-181
-149
-80
252
264
73
73
222
-249
-151
95
-11
204
158
-27
-79
140
-256
-271
-290
245
-78
-111
-168
-12
-214
-218
-103
-41
160
13
103
131
91
95
1
-13
262
-238
120
-231
-247
2
143
-230
120
-148
-173
-107
20
-128
-292
-121
190
-151
108
22
105
127
-182
249
264
-162
28
-299
207
-231
36
-168
264
239
119
-166
37
-159
120
-280
-31
166
182
39
194
-72
205
144
228
34
-190
135
280
146
-112
175
-97
96
-295
294
-210
-276
-219
42
12
54
28
-56
65
222
253
-236
-215
210
197
-187
232
-72
223
-131
55
-84
296
-237
32
-212
12
92
41
148
285
-18
-198
-46
271
9
-150
55
259
-26
-109
-112
7
-253
-243
-12
-61
-68
213
-102
9
-297
109
-135
106
-168
-87
225
-106
-21
224
-187
-136
-142
292
197
-38
-286
5
-95
205
-96
110
280
-37
-62
144
-166
23
108
-32
-61
-283
269
182
8
78
281
-83
225
232
96
261
-275
163
-167
192
160
-159
-109
-5
56
-210
138
101
147
277
-252
-292
295
-74
-93
-25
213
37
-219
125
-43
58
224
272
168
-249
-201
-184
273
-156
-112
244
66
-262
-163
-6
-153
196
-179
205
62
94
-187
-20
-273
297
-39
-102
-274
250
208
292
152
-74
-245
-189
63
191
-137
-129
-2
-34
232
-113
163
149
174
186
236
-5
-160
174
203
36
-261
-278
-21
174
-255
-235
-203
184
-105
-102
-174
-59
197
-149
68
210
-154
-268
35
-126
273
103
-14
-252
48
-44
-152
122
-246
79
-239
-182
-255
-157
-40
14
-215
-207
-262
2
178
211
-127
-114
147
30
115
213
287
13
-64
135
-47
12
-234
