249
71
33
211
160
7
260
4
11
209
131
226
256
102
273
13
89
54
120
7
251
283
55
183
143
156
142
210
134
52
253
155
149
124
13
64
255
208
248
31
105
180
1
35
197
274
175
298
1
81
243
157
214
241
298
32
79
230
153
289
120
107
78
37
267
120
218
148
230
162
72
298
165
155
145
32
37
176
70
138
66
120
89
89
88
29
242
26
235
266
94
222
228
183
101
19
116
73
258
54
92
152
144
240
226
162
97
169
95
160
217
246
133
104
146
248
222
163
138
151
239
161
205
220
125
9
179
126
110
0
200
287
109
2
283
210
119
44
197
40
156
72
113
114
111
240
51
227
49
143
6
280
16
119
50
259
270
91
254
195
233
287
55
111
94
69
82
211
137
84
92
275
169
211
280
238
216
150
9
281
179
109
203
5
85
22
262
151
271
121
235
177
65
183
189
294
237
129
120
223
77
126
58
163
207
299
60
191
142
3
265
25
167
175
294
34
250
132
200
73
12
52
72
61
38
92
210
156
274
287
218
116
67
5
240
90
32
46
261
6
11
58
105
253
291
233
149
112
294
10
104
68
62
77
267
3
129
85
50
125
80
12
204
256
13
229
26
132
182
92
239
179
287
172
21
274
124
152
109
286
72
230
14
216
229
150
205
10
98
61
42
206
263
244
44
139
117
165
181
53
297
46
113
89
63
259
143
17
59
256
126
73
6
254
102
298
107
202
171
144
67
81
90
52
166
205
204
12
167
145
175
67
190
171
51
273
157
272
234
212
234
39
100
282
250
73
268
19
130
139
107
8
282
263
7
128
150
35
104
159
132
151
148
205
5
241
261
299
83
153
259
159
122
124
137
65
276
217
172
196
259
39
203
269
7
43
246
228
289
245
284
259
219
82
151
219
93
232
282
81
290
150
144
67
107
200
